2021-04-24 18:36:34 INFO  StepDefinitions:76 - Error Title : Error signing into the account
2021-04-24 18:36:34 INFO  StepDefinitions:77 - Error Message : Email or password is incorrect.
2021-04-24 18:50:10 INFO  StepDefinitions:77 - Error Title : Error signing into the account
2021-04-24 18:50:10 INFO  StepDefinitions:78 - Error Message : Email or password is incorrect.
2021-04-24 18:50:27 INFO  StepDefinitions:97 - Email Error : Email cannot be empty.
2021-04-24 18:50:27 INFO  StepDefinitions:98 - Password Error : Password cannot be empty.
2021-04-24 18:55:16 INFO  StepDefinitions:77 - Error Title : Error signing into the account
2021-04-24 18:55:16 INFO  StepDefinitions:78 - Error Message : Email or password is incorrect.
2021-04-24 18:55:31 INFO  StepDefinitions:97 - Email Error : Email cannot be empty.
2021-04-24 18:55:31 INFO  StepDefinitions:98 - Password Error : Password cannot be empty.
2021-04-24 18:55:49 INFO  StepDefinitions:111 - Password Error : Password cannot be empty.
2021-04-24 19:03:46 INFO  StepDefinitions:78 - Error Title : Error signing into the account
2021-04-24 19:03:46 INFO  StepDefinitions:79 - Error Message : Email or password is incorrect.
2021-04-24 19:04:06 INFO  StepDefinitions:98 - Email Error : Email cannot be empty.
2021-04-24 19:04:06 INFO  StepDefinitions:99 - Password Error : Password cannot be empty.
2021-04-24 19:04:22 INFO  StepDefinitions:112 - Password Error : Password cannot be empty.
2021-04-24 19:04:40 INFO  StepDefinitions:123 - Email Error : Email cannot be empty.
2021-04-24 19:05:01 INFO  StepDefinitions:134 - Email Error : Email is invalid.
2021-04-24 19:27:51 INFO  StepDefinitions:79 - Error Title : Error signing into the account
2021-04-24 19:27:51 INFO  StepDefinitions:80 - Error Message : Email or password is incorrect.
2021-04-24 19:28:14 INFO  StepDefinitions:93 - Email Error : Email cannot be empty.
2021-04-24 19:28:14 INFO  StepDefinitions:94 - Password Error : Password cannot be empty.
2021-04-24 19:28:32 INFO  StepDefinitions:107 - Password Error : Password cannot be empty.
2021-04-24 19:28:50 INFO  StepDefinitions:118 - Email Error : Email cannot be empty.
2021-04-24 19:29:13 INFO  StepDefinitions:129 - Email Error : Email is invalid.
2021-04-24 20:03:25 INFO  StepDefinitions:69 - Error Title : Error signing into the account
2021-04-24 20:03:25 INFO  StepDefinitions:70 - Error Message : Email or password is incorrect.
2021-04-24 20:03:43 INFO  StepDefinitions:83 - Email Error : Email cannot be empty.
2021-04-24 20:03:43 INFO  StepDefinitions:84 - Password Error : Password cannot be empty.
2021-04-24 20:04:01 INFO  StepDefinitions:97 - Password Error : Password cannot be empty.
2021-04-24 20:04:25 INFO  StepDefinitions:108 - Email Error : Email cannot be empty.
2021-04-24 20:04:44 INFO  StepDefinitions:119 - Email Error : Email is invalid.
2021-04-24 20:05:02 INFO  StepDefinitions:119 - Email Error : Email is invalid.
2021-04-24 20:05:29 INFO  StepDefinitions:119 - Email Error : Email is invalid.
2021-04-24 21:28:15 INFO  StepDefinitions:62 - Error Title : Error signing into the account
2021-04-24 21:28:15 INFO  StepDefinitions:63 - Error Message : Email or password is incorrect.
2021-04-24 21:28:35 INFO  StepDefinitions:77 - Email Error : Email cannot be empty.
2021-04-24 21:28:35 INFO  StepDefinitions:78 - Password Error : Password cannot be empty.
2021-04-24 21:28:58 INFO  StepDefinitions:91 - Password Error : Password cannot be empty.
2021-04-24 21:29:17 INFO  StepDefinitions:102 - Email Error : Email cannot be empty.
2021-04-24 21:29:37 INFO  StepDefinitions:113 - Email Error : Email is invalid.
2021-04-24 21:29:55 INFO  StepDefinitions:113 - Email Error : Email is invalid.
2021-04-24 21:30:18 INFO  StepDefinitions:113 - Email Error : Email is invalid.
2021-04-24 21:34:12 INFO  StepDefinitions:62 - Error Title : Error signing into the account
2021-04-24 21:34:12 INFO  StepDefinitions:63 - Error Message : Email or password is incorrect.
2021-04-24 21:39:20 INFO  StepDefinitions:62 - Error Title : Error signing into the account
2021-04-24 21:39:20 INFO  StepDefinitions:63 - Error Message : Email or password is incorrect.
2021-04-24 21:45:39 INFO  StepDefinitions:62 - Error Title : Error signing into the account
2021-04-24 21:45:39 INFO  StepDefinitions:63 - Error Message : Email or password is incorrect.
2021-04-24 22:07:23 INFO  StepDefinitions:62 - Error Title : Error signing into the account
2021-04-24 22:07:23 INFO  StepDefinitions:63 - Error Message : Email or password is incorrect.
2021-04-24 22:07:23 INFO  StepDefinitions:28 - Key :errorTitle Value : Error signing into the account
2021-04-24 22:07:23 INFO  StepDefinitions:28 - Key :errorMessage Value : Email or password is incorrect.
2021-04-24 22:08:28 INFO  StepDefinitions:62 - Error Title : Error signing into the account
2021-04-24 22:08:28 INFO  StepDefinitions:63 - Error Message : Email or password is incorrect.
2021-04-24 22:08:28 INFO  StepDefinitions:28 - Key :errorTitle Value : Error signing into the account
2021-04-24 22:08:28 INFO  StepDefinitions:28 - Key :errorMessage Value : Email or password is incorrect.
2021-04-24 22:08:50 INFO  StepDefinitions:77 - Email Error : Email cannot be empty.
2021-04-24 22:08:50 INFO  StepDefinitions:78 - Password Error : Password cannot be empty.
2021-04-24 22:08:50 INFO  StepDefinitions:28 - Key :errorEmailEmpty Value : Email cannot be empty.
2021-04-24 22:08:50 INFO  StepDefinitions:28 - Key :errorPasswordEmpty Value : Password cannot be empty.
2021-04-24 22:09:07 INFO  StepDefinitions:91 - Password Error : Password cannot be empty.
2021-04-24 22:09:07 INFO  StepDefinitions:28 - Key :errorPasswordEmpty Value : Password cannot be empty.
2021-04-24 22:09:28 INFO  StepDefinitions:102 - Email Error : Email cannot be empty.
2021-04-24 22:09:28 INFO  StepDefinitions:28 - Key :errorEmailEmpty Value : Email cannot be empty.
2021-04-24 22:09:46 INFO  StepDefinitions:113 - Email Error : Email is invalid.
2021-04-24 22:09:46 INFO  StepDefinitions:28 - Key :errorEmailInvalid Value : Email is invalid.
2021-04-24 22:10:07 INFO  StepDefinitions:113 - Email Error : Email is invalid.
2021-04-24 22:10:07 INFO  StepDefinitions:28 - Key :errorEmailInvalid Value : Email is invalid.
2021-04-24 22:10:29 INFO  StepDefinitions:113 - Email Error : Email is invalid.
2021-04-24 22:10:29 INFO  StepDefinitions:28 - Key :errorEmailInvalid Value : Email is invalid.
2021-04-24 22:12:12 INFO  StepDefinitions:62 - Error Title : Error signing into the account
2021-04-24 22:12:12 INFO  StepDefinitions:63 - Error Message : Email or password is incorrect.
2021-04-24 22:12:12 INFO  StepDefinitions:28 - Key :errorTitle Value : Error signing into the account
2021-04-24 22:12:12 INFO  StepDefinitions:28 - Key :errorMessage Value : Email or password is incorrect.
2021-04-24 22:12:31 INFO  StepDefinitions:77 - Email Error : Email cannot be empty.
2021-04-24 22:12:31 INFO  StepDefinitions:78 - Password Error : Password cannot be empty.
2021-04-24 22:12:31 INFO  StepDefinitions:28 - Key :errorEmailEmpty Value : Email cannot be empty.
2021-04-24 22:12:31 INFO  StepDefinitions:28 - Key :errorPasswordEmpty Value : Password cannot be empty.
2021-04-24 22:12:48 INFO  StepDefinitions:91 - Password Error : Password cannot be empty.
2021-04-24 22:12:48 INFO  StepDefinitions:28 - Key :errorPasswordEmpty Value : Password cannot be empty.
2021-04-24 22:13:08 INFO  StepDefinitions:102 - Email Error : Email cannot be empty.
2021-04-24 22:13:08 INFO  StepDefinitions:28 - Key :errorEmailEmpty Value : Email cannot be empty.
2021-04-24 22:13:26 INFO  StepDefinitions:113 - Email Error : Email is invalid.
2021-04-24 22:13:26 INFO  StepDefinitions:28 - Key :errorEmailInvalid Value : Email is invalid.
2021-04-24 22:13:49 INFO  StepDefinitions:113 - Email Error : Email is invalid.
2021-04-24 22:13:49 INFO  StepDefinitions:28 - Key :errorEmailInvalid Value : Email is invalid.
2021-04-24 22:14:10 INFO  StepDefinitions:113 - Email Error : Email is invalid.
2021-04-24 22:14:10 INFO  StepDefinitions:28 - Key :errorEmailInvalid Value : Email is invalid.
